<?xml version="1.0" encoding="UTF-8"?>
<!-- Generated by org.testng.reporters.JUnitReportReporter -->
<testsuite hostname="KAGISOM-OZOW" failures="0" tests="1" name="Tests.SauceDemo.checkout" time="2.419" errors="0" timestamp="2023-02-26T02:28:26 SAST" skipped="0">
  <testcase classname="Tests.SauceDemo.checkout" name="checkoutProduct" time="2.419"/>
  <system-out/>
</testsuite> <!-- Tests.SauceDemo.checkout -->
